<?xml version="1.0" encoding="UTF-8"?>
<!-- Generated by org.testng.reporters.JUnitReportReporter -->
<testsuite hostname="DESKTOP-JI1E647" failures="0" tests="1" name="testCases.TC_002_LoginTest" time="1.331" errors="0" timestamp="2024-09-20T17:21:05 IST" skipped="0">
  <testcase classname="testCases.TC_002_LoginTest" name="verifyLogin" time="1.331"/>
</testsuite> <!-- testCases.TC_002_LoginTest -->
