<?xml version="1.0" encoding="UTF-8"?>
<!-- Generated by org.testng.reporters.JUnitReportReporter -->
<testsuite hostname="DESKTOP-JI1E647" failures="0" tests="1" name="testCases.TC_001_AccountRegistrationTest" time="2.114" errors="0" timestamp="2024-09-20T17:21:05 IST" skipped="0">
  <testcase classname="testCases.TC_001_AccountRegistrationTest" name="verify_account_registration" time="2.114"/>
</testsuite> <!-- testCases.TC_001_AccountRegistrationTest -->
