<?xml version="1.0" encoding="UTF-8"?>
<!-- Generated by org.testng.reporters.JUnitReportReporter -->
<testsuite hostname="DESKTOP-JI1E647" failures="0" tests="1" name="testCases.TC_001_AccountRegistrationTest" time="1.937" errors="0" timestamp="2024-09-21T23:55:29 IST" skipped="0">
  <testcase classname="testCases.TC_001_AccountRegistrationTest" name="verify_account_registration" time="1.937"/>
</testsuite> <!-- testCases.TC_001_AccountRegistrationTest -->
